mode: set
mylab/cpagent/service/motor_http.go:11.61,12.74 1 0
mylab/cpagent/service/motor_http.go:12.74,15.17 3 0
mylab/cpagent/service/motor_http.go:21.3,22.13 2 0
mylab/cpagent/service/motor_http.go:27.3,28.17 2 0
mylab/cpagent/service/motor_http.go:34.3,35.17 2 0
mylab/cpagent/service/motor_http.go:41.3,43.54 3 0
mylab/cpagent/service/motor_http.go:15.17,19.4 3 0
mylab/cpagent/service/motor_http.go:22.13,25.4 2 0
mylab/cpagent/service/motor_http.go:28.17,32.4 3 0
mylab/cpagent/service/motor_http.go:35.17,39.4 3 0
mylab/cpagent/service/piercing_http.go:13.64,14.74 1 1
mylab/cpagent/service/piercing_http.go:14.74,17.17 3 1
mylab/cpagent/service/piercing_http.go:23.3,24.13 2 1
mylab/cpagent/service/piercing_http.go:30.3,32.17 3 1
mylab/cpagent/service/piercing_http.go:37.3,38.58 2 1
mylab/cpagent/service/piercing_http.go:17.17,21.4 3 0
mylab/cpagent/service/piercing_http.go:24.13,28.4 3 0
mylab/cpagent/service/piercing_http.go:32.17,36.4 3 1
mylab/cpagent/service/piercing_http.go:42.62,43.74 1 1
mylab/cpagent/service/piercing_http.go:43.74,47.17 3 1
mylab/cpagent/service/piercing_http.go:53.3,56.17 3 1
mylab/cpagent/service/piercing_http.go:62.3,63.49 2 1
mylab/cpagent/service/piercing_http.go:47.17,51.4 2 0
mylab/cpagent/service/piercing_http.go:56.17,60.4 3 1
mylab/cpagent/service/piercing_http.go:67.64,68.74 1 1
mylab/cpagent/service/piercing_http.go:68.74,71.17 3 1
mylab/cpagent/service/piercing_http.go:77.3,80.17 3 1
mylab/cpagent/service/piercing_http.go:86.3,87.13 2 1
mylab/cpagent/service/piercing_http.go:92.3,94.17 3 1
mylab/cpagent/service/piercing_http.go:100.3,101.86 2 1
mylab/cpagent/service/piercing_http.go:71.17,75.4 2 0
mylab/cpagent/service/piercing_http.go:80.17,84.4 3 0
mylab/cpagent/service/piercing_http.go:87.13,90.4 2 0
mylab/cpagent/service/piercing_http.go:94.17,98.4 3 1
mylab/cpagent/service/template_http.go:12.62,13.74 1 1
mylab/cpagent/service/template_http.go:13.74,15.17 2 1
mylab/cpagent/service/template_http.go:21.3,22.17 2 1
mylab/cpagent/service/template_http.go:28.3,30.22 3 1
mylab/cpagent/service/template_http.go:15.17,19.4 3 1
mylab/cpagent/service/template_http.go:22.17,26.4 3 0
mylab/cpagent/service/template_http.go:40.64,41.74 1 1
mylab/cpagent/service/template_http.go:41.74,44.17 3 1
mylab/cpagent/service/template_http.go:50.3,51.13 2 1
mylab/cpagent/service/template_http.go:56.3,58.17 3 1
mylab/cpagent/service/template_http.go:66.3,80.17 3 1
mylab/cpagent/service/template_http.go:86.3,87.17 2 1
mylab/cpagent/service/template_http.go:93.3,95.54 3 1
mylab/cpagent/service/template_http.go:44.17,48.4 3 0
mylab/cpagent/service/template_http.go:51.13,54.4 2 0
mylab/cpagent/service/template_http.go:58.17,62.4 3 0
mylab/cpagent/service/template_http.go:80.17,84.4 3 0
mylab/cpagent/service/template_http.go:87.17,91.4 3 0
mylab/cpagent/service/template_http.go:99.64,100.74 1 1
mylab/cpagent/service/template_http.go:100.74,103.17 3 1
mylab/cpagent/service/template_http.go:108.3,111.17 3 1
mylab/cpagent/service/template_http.go:117.3,118.13 2 1
mylab/cpagent/service/template_http.go:123.3,126.17 3 1
mylab/cpagent/service/template_http.go:132.3,134.62 3 0
mylab/cpagent/service/template_http.go:103.17,106.4 2 0
mylab/cpagent/service/template_http.go:111.17,115.4 3 0
mylab/cpagent/service/template_http.go:118.13,121.4 2 0
mylab/cpagent/service/template_http.go:126.17,130.4 3 0
mylab/cpagent/service/template_http.go:138.62,139.74 1 1
mylab/cpagent/service/template_http.go:139.74,143.17 3 1
mylab/cpagent/service/template_http.go:148.3,151.17 3 1
mylab/cpagent/service/template_http.go:157.3,158.17 2 1
mylab/cpagent/service/template_http.go:164.3,166.54 3 1
mylab/cpagent/service/template_http.go:143.17,146.4 2 0
mylab/cpagent/service/template_http.go:151.17,155.4 3 0
mylab/cpagent/service/template_http.go:158.17,162.4 3 0
mylab/cpagent/service/template_http.go:170.64,171.74 1 1
mylab/cpagent/service/template_http.go:171.74,174.17 3 1
mylab/cpagent/service/template_http.go:179.3,180.17 2 1
mylab/cpagent/service/template_http.go:193.3,195.62 3 0
mylab/cpagent/service/template_http.go:174.17,177.4 2 0
mylab/cpagent/service/template_http.go:180.17,181.56 1 0
mylab/cpagent/service/template_http.go:189.4,190.10 2 0
mylab/cpagent/service/template_http.go:181.56,188.5 4 0
mylab/cpagent/service/template_http.go:199.65,200.74 1 1
mylab/cpagent/service/template_http.go:200.74,204.17 3 1
mylab/cpagent/service/template_http.go:209.3,210.17 2 1
mylab/cpagent/service/template_http.go:216.3,217.17 2 1
mylab/cpagent/service/template_http.go:224.3,226.13 2 1
mylab/cpagent/service/template_http.go:239.3,240.17 2 1
mylab/cpagent/service/template_http.go:246.3,247.17 2 1
mylab/cpagent/service/template_http.go:265.3,269.9 4 1
mylab/cpagent/service/template_http.go:204.17,207.4 2 0
mylab/cpagent/service/template_http.go:210.17,214.4 3 0
mylab/cpagent/service/template_http.go:217.17,221.4 3 0
mylab/cpagent/service/template_http.go:226.13,228.18 2 1
mylab/cpagent/service/template_http.go:233.4,236.10 4 1
mylab/cpagent/service/template_http.go:228.18,232.5 3 0
mylab/cpagent/service/template_http.go:240.17,244.4 3 0
mylab/cpagent/service/template_http.go:247.17,248.41 1 0
mylab/cpagent/service/template_http.go:261.4,262.10 2 0
mylab/cpagent/service/template_http.go:248.41,251.19 2 0
mylab/cpagent/service/template_http.go:256.5,259.11 4 0
mylab/cpagent/service/template_http.go:251.19,255.6 3 0
mylab/cpagent/service/template_http.go:273.71,274.74 1 1
mylab/cpagent/service/template_http.go:274.74,276.17 2 1
mylab/cpagent/service/template_http.go:282.3,283.17 2 1
mylab/cpagent/service/template_http.go:289.3,291.22 3 1
mylab/cpagent/service/template_http.go:276.17,280.4 3 1
mylab/cpagent/service/template_http.go:283.17,287.4 3 0
mylab/cpagent/service/tip_dock_http.go:13.63,14.74 1 1
mylab/cpagent/service/tip_dock_http.go:14.74,18.17 3 1
mylab/cpagent/service/tip_dock_http.go:24.3,25.13 2 1
mylab/cpagent/service/tip_dock_http.go:31.3,33.17 3 1
mylab/cpagent/service/tip_dock_http.go:38.3,39.54 2 1
mylab/cpagent/service/tip_dock_http.go:18.17,22.4 3 0
mylab/cpagent/service/tip_dock_http.go:25.13,29.4 3 0
mylab/cpagent/service/tip_dock_http.go:33.17,37.4 3 1
mylab/cpagent/service/tip_dock_http.go:43.61,44.74 1 1
mylab/cpagent/service/tip_dock_http.go:44.74,47.17 3 1
mylab/cpagent/service/tip_dock_http.go:52.3,54.17 3 1
mylab/cpagent/service/tip_dock_http.go:60.3,61.49 2 1
mylab/cpagent/service/tip_dock_http.go:47.17,50.4 2 0
mylab/cpagent/service/tip_dock_http.go:54.17,58.4 3 1
mylab/cpagent/service/tip_dock_http.go:65.63,66.74 1 1
mylab/cpagent/service/tip_dock_http.go:66.74,69.17 3 1
mylab/cpagent/service/tip_dock_http.go:73.3,75.17 3 1
mylab/cpagent/service/tip_dock_http.go:80.3,81.13 2 1
mylab/cpagent/service/tip_dock_http.go:86.3,88.17 3 1
mylab/cpagent/service/tip_dock_http.go:94.3,95.88 2 1
mylab/cpagent/service/tip_dock_http.go:69.17,72.4 2 0
mylab/cpagent/service/tip_dock_http.go:75.17,79.4 3 0
mylab/cpagent/service/tip_dock_http.go:81.13,85.4 3 0
mylab/cpagent/service/tip_dock_http.go:88.17,92.4 3 1
mylab/cpagent/service/cartridges_http.go:11.64,12.74 1 0
mylab/cpagent/service/cartridges_http.go:12.74,16.17 3 0
mylab/cpagent/service/cartridges_http.go:22.3,23.17 2 0
mylab/cpagent/service/cartridges_http.go:28.3,30.22 3 0
mylab/cpagent/service/cartridges_http.go:16.17,20.4 3 0
mylab/cpagent/service/cartridges_http.go:23.17,27.4 3 0
mylab/cpagent/service/homing_http.go:15.56,16.74 1 0
mylab/cpagent/service/homing_http.go:16.74,23.15 5 0
mylab/cpagent/service/homing_http.go:36.3,36.17 1 0
mylab/cpagent/service/homing_http.go:24.11,28.40 4 0
mylab/cpagent/service/homing_http.go:29.17,31.48 2 0
mylab/cpagent/service/homing_http.go:32.11,33.44 1 0
mylab/cpagent/service/homing_http.go:36.17,40.4 3 0
mylab/cpagent/service/homing_http.go:40.9,45.4 4 0
mylab/cpagent/service/homing_http.go:50.90,56.12 4 0
mylab/cpagent/service/homing_http.go:59.2,59.12 1 0
mylab/cpagent/service/homing_http.go:63.2,63.6 1 0
mylab/cpagent/service/homing_http.go:56.12,58.3 1 0
mylab/cpagent/service/homing_http.go:59.12,61.3 1 0
mylab/cpagent/service/homing_http.go:63.6,64.10 1 0
mylab/cpagent/service/homing_http.go:65.24,67.23 2 0
mylab/cpagent/service/homing_http.go:68.24,70.23 2 0
mylab/cpagent/service/homing_http.go:71.51,82.18 4 0
mylab/cpagent/service/homing_http.go:87.4,89.35 3 0
mylab/cpagent/service/homing_http.go:90.11,92.38 1 0
mylab/cpagent/service/homing_http.go:82.18,86.5 3 0
mylab/cpagent/service/homing_http.go:98.98,99.15 1 0
mylab/cpagent/service/homing_http.go:107.2,114.22 3 0
mylab/cpagent/service/homing_http.go:121.2,122.23 2 0
mylab/cpagent/service/homing_http.go:135.2,135.8 1 0
mylab/cpagent/service/homing_http.go:99.15,100.17 1 0
mylab/cpagent/service/homing_http.go:100.17,103.4 2 0
mylab/cpagent/service/homing_http.go:114.22,119.3 3 0
mylab/cpagent/service/homing_http.go:122.23,124.20 2 0
mylab/cpagent/service/homing_http.go:129.3,129.72 1 0
mylab/cpagent/service/homing_http.go:124.20,128.4 3 0
mylab/cpagent/service/homing_http.go:129.72,132.4 1 0
mylab/cpagent/service/target_http.go:16.60,17.74 1 1
mylab/cpagent/service/target_http.go:17.74,19.17 2 1
mylab/cpagent/service/target_http.go:25.3,26.17 2 1
mylab/cpagent/service/target_http.go:32.3,33.22 2 1
mylab/cpagent/service/target_http.go:19.17,23.4 3 1
mylab/cpagent/service/target_http.go:26.17,30.4 3 0
mylab/cpagent/service/attach_detach_http.go:13.68,14.74 1 1
mylab/cpagent/service/attach_detach_http.go:14.74,18.17 3 1
mylab/cpagent/service/attach_detach_http.go:25.3,26.13 2 1
mylab/cpagent/service/attach_detach_http.go:32.3,34.17 3 1
mylab/cpagent/service/attach_detach_http.go:40.3,41.58 2 1
mylab/cpagent/service/attach_detach_http.go:18.17,23.4 4 0
mylab/cpagent/service/attach_detach_http.go:26.13,30.4 3 0
mylab/cpagent/service/attach_detach_http.go:34.17,38.4 3 1
mylab/cpagent/service/attach_detach_http.go:45.66,46.74 1 1
mylab/cpagent/service/attach_detach_http.go:46.74,49.17 3 1
mylab/cpagent/service/attach_detach_http.go:54.3,56.17 3 1
mylab/cpagent/service/attach_detach_http.go:62.3,63.54 2 1
mylab/cpagent/service/attach_detach_http.go:49.17,52.4 2 0
mylab/cpagent/service/attach_detach_http.go:56.17,60.4 3 1
mylab/cpagent/service/attach_detach_http.go:67.68,68.74 1 1
mylab/cpagent/service/attach_detach_http.go:68.74,71.17 3 1
mylab/cpagent/service/attach_detach_http.go:76.3,78.17 3 1
mylab/cpagent/service/attach_detach_http.go:83.3,84.13 2 1
mylab/cpagent/service/attach_detach_http.go:89.3,91.17 3 1
mylab/cpagent/service/attach_detach_http.go:96.3,97.90 2 1
mylab/cpagent/service/attach_detach_http.go:71.17,74.4 2 0
mylab/cpagent/service/attach_detach_http.go:78.17,82.4 3 0
mylab/cpagent/service/attach_detach_http.go:84.13,88.4 3 0
mylab/cpagent/service/attach_detach_http.go:91.17,95.4 3 1
mylab/cpagent/service/delay_http.go:13.61,14.74 1 1
mylab/cpagent/service/delay_http.go:14.74,17.17 3 1
mylab/cpagent/service/delay_http.go:23.3,24.13 2 1
mylab/cpagent/service/delay_http.go:30.3,32.17 3 1
mylab/cpagent/service/delay_http.go:38.3,39.58 2 1
mylab/cpagent/service/delay_http.go:17.17,21.4 3 0
mylab/cpagent/service/delay_http.go:24.13,28.4 3 0
mylab/cpagent/service/delay_http.go:32.17,36.4 3 1
mylab/cpagent/service/delay_http.go:43.59,44.74 1 1
mylab/cpagent/service/delay_http.go:44.74,48.17 3 1
mylab/cpagent/service/delay_http.go:54.3,57.17 3 1
mylab/cpagent/service/delay_http.go:63.3,64.47 2 1
mylab/cpagent/service/delay_http.go:48.17,52.4 2 0
mylab/cpagent/service/delay_http.go:57.17,61.4 3 1
mylab/cpagent/service/delay_http.go:68.61,69.74 1 1
mylab/cpagent/service/delay_http.go:69.74,72.17 3 1
mylab/cpagent/service/delay_http.go:77.3,80.17 3 1
mylab/cpagent/service/delay_http.go:86.3,87.13 2 1
mylab/cpagent/service/delay_http.go:93.3,95.17 3 1
mylab/cpagent/service/delay_http.go:101.3,102.83 2 1
mylab/cpagent/service/delay_http.go:72.17,75.4 2 0
mylab/cpagent/service/delay_http.go:80.17,84.4 3 0
mylab/cpagent/service/delay_http.go:87.13,91.4 3 0
mylab/cpagent/service/delay_http.go:95.17,99.4 3 1
mylab/cpagent/service/step_http.go:12.59,13.74 1 1
mylab/cpagent/service/step_http.go:13.74,16.17 3 1
mylab/cpagent/service/step_http.go:20.3,21.17 2 1
mylab/cpagent/service/step_http.go:27.3,28.17 2 1
mylab/cpagent/service/step_http.go:34.3,36.22 3 1
mylab/cpagent/service/step_http.go:16.17,19.4 2 0
mylab/cpagent/service/step_http.go:21.17,25.4 3 1
mylab/cpagent/service/step_http.go:28.17,32.4 3 0
mylab/cpagent/service/step_http.go:40.60,41.74 1 1
mylab/cpagent/service/step_http.go:41.74,44.17 3 1
mylab/cpagent/service/step_http.go:50.3,51.13 2 1
mylab/cpagent/service/step_http.go:56.3,58.17 3 1
mylab/cpagent/service/step_http.go:65.3,66.17 2 1
mylab/cpagent/service/step_http.go:72.3,73.17 2 1
mylab/cpagent/service/step_http.go:79.3,81.54 3 1
mylab/cpagent/service/step_http.go:44.17,48.4 3 0
mylab/cpagent/service/step_http.go:51.13,54.4 2 0
mylab/cpagent/service/step_http.go:58.17,62.4 3 0
mylab/cpagent/service/step_http.go:66.17,70.4 3 0
mylab/cpagent/service/step_http.go:73.17,77.4 3 0
mylab/cpagent/service/step_http.go:85.60,86.74 1 1
mylab/cpagent/service/step_http.go:86.74,89.17 3 1
mylab/cpagent/service/step_http.go:94.3,97.17 3 1
mylab/cpagent/service/step_http.go:103.3,104.13 2 1
mylab/cpagent/service/step_http.go:109.3,112.17 3 1
mylab/cpagent/service/step_http.go:118.3,120.58 3 1
mylab/cpagent/service/step_http.go:89.17,92.4 2 0
mylab/cpagent/service/step_http.go:97.17,101.4 3 0
mylab/cpagent/service/step_http.go:104.13,107.4 2 0
mylab/cpagent/service/step_http.go:112.17,116.4 3 0
mylab/cpagent/service/step_http.go:124.58,125.74 1 1
mylab/cpagent/service/step_http.go:125.74,129.17 3 1
mylab/cpagent/service/step_http.go:134.3,137.17 3 1
mylab/cpagent/service/step_http.go:143.3,144.17 2 1
mylab/cpagent/service/step_http.go:150.3,152.54 3 1
mylab/cpagent/service/step_http.go:129.17,132.4 2 0
mylab/cpagent/service/step_http.go:137.17,141.4 3 0
mylab/cpagent/service/step_http.go:144.17,148.4 3 0
mylab/cpagent/service/step_http.go:156.60,157.74 1 1
mylab/cpagent/service/step_http.go:157.74,160.17 3 1
mylab/cpagent/service/step_http.go:165.3,166.17 2 1
mylab/cpagent/service/step_http.go:173.3,174.17 2 1
mylab/cpagent/service/step_http.go:180.3,182.58 3 1
mylab/cpagent/service/step_http.go:160.17,163.4 2 0
mylab/cpagent/service/step_http.go:166.17,170.4 3 0
mylab/cpagent/service/step_http.go:174.17,178.4 3 0
mylab/cpagent/service/tip_operation_http.go:13.68,14.74 1 1
mylab/cpagent/service/tip_operation_http.go:14.74,17.17 3 1
mylab/cpagent/service/tip_operation_http.go:23.3,24.13 2 1
mylab/cpagent/service/tip_operation_http.go:30.3,32.17 3 1
mylab/cpagent/service/tip_operation_http.go:37.3,38.59 2 1
mylab/cpagent/service/tip_operation_http.go:17.17,21.4 3 0
mylab/cpagent/service/tip_operation_http.go:24.13,28.4 3 0
mylab/cpagent/service/tip_operation_http.go:32.17,36.4 3 1
mylab/cpagent/service/tip_operation_http.go:42.66,43.74 1 1
mylab/cpagent/service/tip_operation_http.go:43.74,47.17 3 1
mylab/cpagent/service/tip_operation_http.go:52.3,55.17 3 1
mylab/cpagent/service/tip_operation_http.go:61.3,62.54 2 1
mylab/cpagent/service/tip_operation_http.go:47.17,50.4 2 0
mylab/cpagent/service/tip_operation_http.go:55.17,59.4 3 1
mylab/cpagent/service/tip_operation_http.go:66.68,67.74 1 1
mylab/cpagent/service/tip_operation_http.go:67.74,70.17 3 1
mylab/cpagent/service/tip_operation_http.go:75.3,78.17 3 1
mylab/cpagent/service/tip_operation_http.go:84.3,85.13 2 1
mylab/cpagent/service/tip_operation_http.go:91.3,93.17 3 1
mylab/cpagent/service/tip_operation_http.go:99.3,100.90 2 1
mylab/cpagent/service/tip_operation_http.go:70.17,73.4 2 0
mylab/cpagent/service/tip_operation_http.go:78.17,82.4 3 0
mylab/cpagent/service/tip_operation_http.go:85.13,89.4 3 0
mylab/cpagent/service/tip_operation_http.go:93.17,97.4 3 1
mylab/cpagent/service/cleanup_http.go:10.67,11.74 1 0
mylab/cpagent/service/cleanup_http.go:11.74,18.15 5 0
mylab/cpagent/service/cleanup_http.go:25.3,25.17 1 0
mylab/cpagent/service/cleanup_http.go:19.17,20.72 1 0
mylab/cpagent/service/cleanup_http.go:21.11,22.44 1 0
mylab/cpagent/service/cleanup_http.go:25.17,29.4 3 0
mylab/cpagent/service/cleanup_http.go:29.9,33.4 3 0
mylab/cpagent/service/cleanup_http.go:37.61,38.74 1 0
mylab/cpagent/service/cleanup_http.go:38.74,45.15 5 0
mylab/cpagent/service/cleanup_http.go:52.3,52.17 1 0
mylab/cpagent/service/cleanup_http.go:46.17,47.66 1 0
mylab/cpagent/service/cleanup_http.go:48.11,49.44 1 0
mylab/cpagent/service/cleanup_http.go:52.17,56.4 3 0
mylab/cpagent/service/cleanup_http.go:56.9,60.4 3 0
mylab/cpagent/service/cleanup_http.go:64.57,65.74 1 0
mylab/cpagent/service/cleanup_http.go:65.74,72.15 4 0
mylab/cpagent/service/cleanup_http.go:73.17,77.41 4 0
mylab/cpagent/service/cleanup_http.go:78.11,80.23 2 0
mylab/cpagent/service/consumable_distance_http.go:11.74,12.74 1 0
mylab/cpagent/service/consumable_distance_http.go:12.74,15.17 3 0
mylab/cpagent/service/consumable_distance_http.go:21.3,22.13 2 0
mylab/cpagent/service/consumable_distance_http.go:27.3,28.17 2 0
mylab/cpagent/service/consumable_distance_http.go:34.3,35.17 2 0
mylab/cpagent/service/consumable_distance_http.go:40.3,42.22 3 0
mylab/cpagent/service/consumable_distance_http.go:15.17,19.4 3 0
mylab/cpagent/service/consumable_distance_http.go:22.13,25.4 2 0
mylab/cpagent/service/consumable_distance_http.go:28.17,32.4 3 0
mylab/cpagent/service/consumable_distance_http.go:35.17,39.4 3 0
mylab/cpagent/service/tip_tube_http.go:12.63,13.74 1 0
mylab/cpagent/service/tip_tube_http.go:13.74,16.17 3 0
mylab/cpagent/service/tip_tube_http.go:22.3,23.13 2 0
mylab/cpagent/service/tip_tube_http.go:28.3,29.17 2 0
mylab/cpagent/service/tip_tube_http.go:35.3,36.17 2 0
mylab/cpagent/service/tip_tube_http.go:42.3,44.54 3 0
mylab/cpagent/service/tip_tube_http.go:16.17,20.4 3 0
mylab/cpagent/service/tip_tube_http.go:23.13,26.4 2 0
mylab/cpagent/service/tip_tube_http.go:29.17,33.4 3 0
mylab/cpagent/service/tip_tube_http.go:36.17,40.4 3 0
mylab/cpagent/service/tip_tube_http.go:48.63,49.74 1 0
mylab/cpagent/service/tip_tube_http.go:49.74,56.22 5 0
mylab/cpagent/service/tip_tube_http.go:71.3,72.17 2 0
mylab/cpagent/service/tip_tube_http.go:77.3,79.22 3 0
mylab/cpagent/service/tip_tube_http.go:57.26,59.18 2 0
mylab/cpagent/service/tip_tube_http.go:64.11,68.10 4 0
mylab/cpagent/service/tip_tube_http.go:59.18,63.5 3 0
mylab/cpagent/service/tip_tube_http.go:72.17,76.4 3 0
mylab/cpagent/service/utils.go:31.32,33.2 1 0
mylab/cpagent/service/utils.go:35.30,37.2 1 0
mylab/cpagent/service/utils.go:39.42,41.2 1 0
mylab/cpagent/service/utils.go:43.40,45.2 1 0
mylab/cpagent/service/utils.go:47.18,75.2 10 0
mylab/cpagent/service/utils.go:85.61,92.16 4 1
mylab/cpagent/service/utils.go:112.2,113.8 2 1
mylab/cpagent/service/utils.go:92.16,93.54 1 0
mylab/cpagent/service/utils.go:104.3,105.17 2 0
mylab/cpagent/service/utils.go:109.3,109.9 1 0
mylab/cpagent/service/utils.go:93.54,102.4 3 0
mylab/cpagent/service/utils.go:105.17,108.4 2 0
mylab/cpagent/service/utils.go:116.59,119.16 2 1
mylab/cpagent/service/utils.go:124.2,124.8 1 1
mylab/cpagent/service/utils.go:119.16,122.3 2 0
mylab/cpagent/service/utils.go:127.35,129.59 1 1
mylab/cpagent/service/utils.go:132.2,132.13 1 1
mylab/cpagent/service/utils.go:129.59,131.3 1 0
mylab/cpagent/service/utils.go:135.67,141.2 5 0
mylab/cpagent/service/utils.go:143.82,147.16 4 1
mylab/cpagent/service/utils.go:153.2,154.8 2 1
mylab/cpagent/service/utils.go:147.16,152.3 4 0
mylab/cpagent/service/utils.go:159.53,166.16 3 0
mylab/cpagent/service/utils.go:170.2,170.8 1 0
mylab/cpagent/service/utils.go:166.16,169.3 2 0
mylab/cpagent/service/utils.go:174.31,179.2 2 0
mylab/cpagent/service/process_http.go:13.63,14.74 1 1
mylab/cpagent/service/process_http.go:14.74,18.17 3 1
mylab/cpagent/service/process_http.go:23.3,24.17 2 1
mylab/cpagent/service/process_http.go:29.3,30.17 2 1
mylab/cpagent/service/process_http.go:36.3,38.22 3 1
mylab/cpagent/service/process_http.go:18.17,21.4 2 0
mylab/cpagent/service/process_http.go:24.17,28.4 3 1
mylab/cpagent/service/process_http.go:30.17,34.4 3 0
mylab/cpagent/service/process_http.go:42.63,43.74 1 1
mylab/cpagent/service/process_http.go:43.74,46.17 3 1
mylab/cpagent/service/process_http.go:52.3,53.13 2 1
mylab/cpagent/service/process_http.go:58.3,60.17 3 1
mylab/cpagent/service/process_http.go:66.3,67.17 2 1
mylab/cpagent/service/process_http.go:73.3,75.22 3 1
mylab/cpagent/service/process_http.go:46.17,50.4 3 0
mylab/cpagent/service/process_http.go:53.13,56.4 2 0
mylab/cpagent/service/process_http.go:60.17,64.4 3 1
mylab/cpagent/service/process_http.go:67.17,71.4 3 0
mylab/cpagent/service/process_http.go:79.61,80.74 1 1
mylab/cpagent/service/process_http.go:80.74,84.17 3 1
mylab/cpagent/service/process_http.go:89.3,92.17 3 1
mylab/cpagent/service/process_http.go:98.3,99.17 2 1
mylab/cpagent/service/process_http.go:105.3,107.22 3 1
mylab/cpagent/service/process_http.go:84.17,87.4 2 0
mylab/cpagent/service/process_http.go:92.17,96.4 3 1
mylab/cpagent/service/process_http.go:99.17,103.4 3 0
mylab/cpagent/service/process_http.go:111.63,112.74 1 1
mylab/cpagent/service/process_http.go:112.74,115.17 3 1
mylab/cpagent/service/process_http.go:120.3,121.17 2 1
mylab/cpagent/service/process_http.go:127.3,129.61 3 1
mylab/cpagent/service/process_http.go:115.17,118.4 2 0
mylab/cpagent/service/process_http.go:121.17,125.4 3 1
mylab/cpagent/service/process_http.go:133.63,134.74 1 1
mylab/cpagent/service/process_http.go:134.74,137.17 3 1
mylab/cpagent/service/process_http.go:142.3,145.17 3 1
mylab/cpagent/service/process_http.go:151.3,152.13 2 1
mylab/cpagent/service/process_http.go:157.3,159.17 3 1
mylab/cpagent/service/process_http.go:165.3,167.61 3 1
mylab/cpagent/service/process_http.go:137.17,140.4 2 0
mylab/cpagent/service/process_http.go:145.17,149.4 3 0
mylab/cpagent/service/process_http.go:152.13,155.4 2 0
mylab/cpagent/service/process_http.go:159.17,163.4 3 1
mylab/cpagent/service/process_http.go:171.66,172.74 1 0
mylab/cpagent/service/process_http.go:172.74,176.17 3 0
mylab/cpagent/service/process_http.go:182.3,183.17 2 0
mylab/cpagent/service/process_http.go:189.3,190.49 2 0
mylab/cpagent/service/process_http.go:176.17,180.4 3 0
mylab/cpagent/service/process_http.go:183.17,187.4 3 0
mylab/cpagent/service/process_http.go:194.68,195.74 1 0
mylab/cpagent/service/process_http.go:195.74,199.17 3 0
mylab/cpagent/service/process_http.go:204.3,207.17 3 0
mylab/cpagent/service/process_http.go:213.3,216.17 3 0
mylab/cpagent/service/process_http.go:222.3,223.51 2 0
mylab/cpagent/service/process_http.go:199.17,202.4 2 0
mylab/cpagent/service/process_http.go:207.17,211.4 3 0
mylab/cpagent/service/process_http.go:216.17,220.4 3 0
mylab/cpagent/service/sample_http.go:11.61,12.74 1 0
mylab/cpagent/service/sample_http.go:12.74,17.17 4 0
mylab/cpagent/service/sample_http.go:23.3,24.17 2 0
mylab/cpagent/service/sample_http.go:30.3,32.22 3 0
mylab/cpagent/service/sample_http.go:17.17,21.4 3 0
mylab/cpagent/service/sample_http.go:24.17,28.4 3 0
mylab/cpagent/service/template_targets_http.go:12.65,13.74 1 1
mylab/cpagent/service/template_targets_http.go:13.74,18.17 3 1
mylab/cpagent/service/template_targets_http.go:22.3,23.17 2 1
mylab/cpagent/service/template_targets_http.go:29.3,30.17 2 1
mylab/cpagent/service/template_targets_http.go:36.3,38.22 3 1
mylab/cpagent/service/template_targets_http.go:18.17,21.4 2 0
mylab/cpagent/service/template_targets_http.go:23.17,27.4 3 1
mylab/cpagent/service/template_targets_http.go:30.17,34.4 3 0
mylab/cpagent/service/template_targets_http.go:48.67,49.74 1 1
mylab/cpagent/service/template_targets_http.go:49.74,52.17 3 1
mylab/cpagent/service/template_targets_http.go:56.3,58.17 3 1
mylab/cpagent/service/template_targets_http.go:64.3,64.24 1 1
mylab/cpagent/service/template_targets_http.go:72.3,74.17 3 1
mylab/cpagent/service/template_targets_http.go:80.3,81.17 2 1
mylab/cpagent/service/template_targets_http.go:87.3,89.54 3 1
mylab/cpagent/service/template_targets_http.go:52.17,55.4 2 0
mylab/cpagent/service/template_targets_http.go:58.17,62.4 3 0
mylab/cpagent/service/template_targets_http.go:64.24,66.14 2 1
mylab/cpagent/service/template_targets_http.go:66.14,69.5 2 0
mylab/cpagent/service/template_targets_http.go:74.17,78.4 3 0
mylab/cpagent/service/template_targets_http.go:81.17,85.4 3 0
mylab/cpagent/service/user_http.go:13.62,14.74 1 1
mylab/cpagent/service/user_http.go:14.74,18.17 3 1
mylab/cpagent/service/user_http.go:24.3,28.10 5 1
mylab/cpagent/service/user_http.go:33.3,33.27 1 0
mylab/cpagent/service/user_http.go:39.3,40.13 2 0
mylab/cpagent/service/user_http.go:46.3,49.17 3 0
mylab/cpagent/service/user_http.go:60.3,67.17 3 0
mylab/cpagent/service/user_http.go:72.3,74.21 3 0
mylab/cpagent/service/user_http.go:18.17,22.4 3 0
mylab/cpagent/service/user_http.go:28.10,32.4 3 1
mylab/cpagent/service/user_http.go:33.27,37.4 3 0
mylab/cpagent/service/user_http.go:40.13,43.4 2 0
mylab/cpagent/service/user_http.go:49.17,50.41 1 0
mylab/cpagent/service/user_http.go:56.4,57.10 2 0
mylab/cpagent/service/user_http.go:50.41,55.5 4 0
mylab/cpagent/service/user_http.go:67.17,71.4 3 0
mylab/cpagent/service/user_http.go:78.60,79.74 1 0
mylab/cpagent/service/user_http.go:79.74,84.17 4 0
mylab/cpagent/service/user_http.go:91.3,92.13 2 0
mylab/cpagent/service/user_http.go:98.3,101.17 3 0
mylab/cpagent/service/user_http.go:108.3,111.9 4 0
mylab/cpagent/service/user_http.go:84.17,89.4 4 0
mylab/cpagent/service/user_http.go:92.13,95.4 2 0
mylab/cpagent/service/user_http.go:101.17,106.4 4 0
mylab/cpagent/service/websocket_http.go:23.42,25.3 1 0
mylab/cpagent/service/websocket_http.go:28.52,29.74 1 0
mylab/cpagent/service/websocket_http.go:29.74,34.17 3 0
mylab/cpagent/service/websocket_http.go:38.3,42.7 3 0
mylab/cpagent/service/websocket_http.go:34.17,37.4 2 0
mylab/cpagent/service/websocket_http.go:42.7,44.11 1 0
mylab/cpagent/service/websocket_http.go:45.31,49.22 2 0
mylab/cpagent/service/websocket_http.go:71.29,73.37 2 0
mylab/cpagent/service/websocket_http.go:90.5,95.38 3 0
mylab/cpagent/service/websocket_http.go:97.30,100.44 2 0
mylab/cpagent/service/websocket_http.go:49.22,54.6 2 0
mylab/cpagent/service/websocket_http.go:54.11,54.29 1 0
mylab/cpagent/service/websocket_http.go:54.29,58.6 1 0
mylab/cpagent/service/websocket_http.go:58.11,58.34 1 0
mylab/cpagent/service/websocket_http.go:58.34,62.6 1 0
mylab/cpagent/service/websocket_http.go:62.11,62.37 1 0
mylab/cpagent/service/websocket_http.go:62.37,66.6 1 0
mylab/cpagent/service/websocket_http.go:66.11,66.36 1 0
mylab/cpagent/service/websocket_http.go:66.36,69.6 1 0
mylab/cpagent/service/websocket_http.go:73.37,80.6 3 0
mylab/cpagent/service/websocket_http.go:80.11,80.44 1 0
mylab/cpagent/service/websocket_http.go:80.44,84.6 2 0
mylab/cpagent/service/websocket_http.go:84.11,84.41 1 0
mylab/cpagent/service/websocket_http.go:84.41,88.6 2 0
mylab/cpagent/service/websocket_http.go:100.44,107.20 3 0
mylab/cpagent/service/websocket_http.go:111.6,111.49 1 0
mylab/cpagent/service/websocket_http.go:107.20,110.7 2 0
mylab/cpagent/service/websocket_http.go:112.11,119.6 4 0
mylab/cpagent/service/websocket_http.go:128.78,131.16 2 0
mylab/cpagent/service/websocket_http.go:137.2,138.16 2 0
mylab/cpagent/service/websocket_http.go:143.2,143.63 1 0
mylab/cpagent/service/websocket_http.go:131.16,135.3 3 0
mylab/cpagent/service/websocket_http.go:138.16,142.3 3 0
mylab/cpagent/service/websocket_http.go:146.78,149.16 2 0
mylab/cpagent/service/websocket_http.go:149.16,150.44 1 0
mylab/cpagent/service/websocket_http.go:150.44,152.4 1 0
mylab/cpagent/service/websocket_http.go:152.9,156.4 3 0
mylab/cpagent/service/websocket_http.go:157.8,159.17 2 0
mylab/cpagent/service/websocket_http.go:164.3,164.63 1 0
mylab/cpagent/service/websocket_http.go:159.17,163.4 3 0
mylab/cpagent/service/websocket_http.go:168.82,171.16 2 0
mylab/cpagent/service/websocket_http.go:176.2,177.16 2 0
mylab/cpagent/service/websocket_http.go:183.2,183.65 1 0
mylab/cpagent/service/websocket_http.go:171.16,175.3 3 0
mylab/cpagent/service/websocket_http.go:177.16,181.3 3 0
mylab/cpagent/service/websocket_http.go:187.84,190.16 2 0
mylab/cpagent/service/websocket_http.go:195.2,196.16 2 0
mylab/cpagent/service/websocket_http.go:202.2,202.69 1 0
mylab/cpagent/service/websocket_http.go:190.16,194.3 3 0
mylab/cpagent/service/websocket_http.go:196.16,200.3 3 0
mylab/cpagent/service/websocket_http.go:206.83,214.16 3 0
mylab/cpagent/service/websocket_http.go:218.2,219.16 2 0
mylab/cpagent/service/websocket_http.go:225.2,225.64 1 0
mylab/cpagent/service/websocket_http.go:214.16,217.3 2 0
mylab/cpagent/service/websocket_http.go:219.16,223.3 3 0
mylab/cpagent/service/websocket_http.go:229.148,232.16 2 0
mylab/cpagent/service/websocket_http.go:237.2,239.23 2 0
mylab/cpagent/service/websocket_http.go:244.2,250.16 3 0
mylab/cpagent/service/websocket_http.go:255.2,255.8 1 0
mylab/cpagent/service/websocket_http.go:232.16,235.3 2 0
mylab/cpagent/service/websocket_http.go:239.23,242.3 1 0
mylab/cpagent/service/websocket_http.go:250.16,253.3 2 0
mylab/cpagent/service/websocket_http.go:259.74,263.16 2 0
mylab/cpagent/service/websocket_http.go:267.2,267.20 1 0
mylab/cpagent/service/websocket_http.go:304.2,305.8 2 0
mylab/cpagent/service/websocket_http.go:263.16,266.3 2 0
mylab/cpagent/service/websocket_http.go:267.20,271.17 3 0
mylab/cpagent/service/websocket_http.go:276.3,276.27 1 0
mylab/cpagent/service/websocket_http.go:292.3,298.17 3 0
mylab/cpagent/service/websocket_http.go:302.3,302.9 1 0
mylab/cpagent/service/websocket_http.go:271.17,274.4 2 0
mylab/cpagent/service/websocket_http.go:276.27,277.34 1 0
mylab/cpagent/service/websocket_http.go:277.34,278.37 1 0
mylab/cpagent/service/websocket_http.go:278.37,281.43 1 0
mylab/cpagent/service/websocket_http.go:287.6,287.52 1 0
mylab/cpagent/service/websocket_http.go:281.43,285.7 2 0
mylab/cpagent/service/websocket_http.go:298.17,301.4 2 0
mylab/cpagent/service/websocket_http.go:308.76,310.16 2 0
mylab/cpagent/service/websocket_http.go:315.2,321.16 3 0
mylab/cpagent/service/websocket_http.go:325.2,325.8 1 0
mylab/cpagent/service/websocket_http.go:310.16,313.3 2 0
mylab/cpagent/service/websocket_http.go:321.16,324.3 2 0
mylab/cpagent/service/websocket_http.go:328.101,330.16 2 0
mylab/cpagent/service/websocket_http.go:335.2,341.16 3 0
mylab/cpagent/service/websocket_http.go:346.2,346.8 1 0
mylab/cpagent/service/websocket_http.go:330.16,333.3 2 0
mylab/cpagent/service/websocket_http.go:341.16,344.3 2 0
mylab/cpagent/service/websocket_http.go:349.43,357.24 4 0
mylab/cpagent/service/websocket_http.go:408.2,408.43 1 0
mylab/cpagent/service/websocket_http.go:357.24,360.17 2 0
mylab/cpagent/service/websocket_http.go:367.3,367.56 1 0
mylab/cpagent/service/websocket_http.go:397.3,398.17 2 0
mylab/cpagent/service/websocket_http.go:405.3,405.37 1 0
mylab/cpagent/service/websocket_http.go:360.17,364.4 3 0
mylab/cpagent/service/websocket_http.go:367.56,372.18 3 0
mylab/cpagent/service/websocket_http.go:375.4,376.18 2 0
mylab/cpagent/service/websocket_http.go:379.4,380.58 2 0
mylab/cpagent/service/websocket_http.go:392.4,393.19 2 0
mylab/cpagent/service/websocket_http.go:372.18,374.5 1 0
mylab/cpagent/service/websocket_http.go:376.18,378.5 1 0
mylab/cpagent/service/websocket_http.go:380.58,382.19 2 0
mylab/cpagent/service/websocket_http.go:387.5,389.10 3 0
mylab/cpagent/service/websocket_http.go:382.19,386.6 3 0
mylab/cpagent/service/websocket_http.go:398.17,400.4 1 0
mylab/cpagent/service/websocket_http.go:400.9,402.4 1 0
mylab/cpagent/service/websocket_http.go:411.86,417.21 2 0
mylab/cpagent/service/websocket_http.go:422.2,423.16 2 0
mylab/cpagent/service/websocket_http.go:429.2,429.8 1 0
mylab/cpagent/service/websocket_http.go:417.21,419.3 1 0
mylab/cpagent/service/websocket_http.go:423.16,428.3 3 0
mylab/cpagent/service/websocket_http.go:433.69,437.27 2 0
mylab/cpagent/service/websocket_http.go:452.2,453.16 2 0
mylab/cpagent/service/websocket_http.go:437.27,449.3 5 0
mylab/cpagent/service/websocket_http.go:453.16,458.3 3 0
mylab/cpagent/service/websocket_http.go:461.93,465.29 2 0
mylab/cpagent/service/websocket_http.go:472.2,473.16 2 0
mylab/cpagent/service/websocket_http.go:480.2,481.16 2 0
mylab/cpagent/service/websocket_http.go:490.2,493.19 2 0
mylab/cpagent/service/websocket_http.go:506.2,507.16 2 0
mylab/cpagent/service/websocket_http.go:513.2,513.8 1 0
mylab/cpagent/service/websocket_http.go:465.29,466.28 1 0
mylab/cpagent/service/websocket_http.go:466.28,468.4 1 0
mylab/cpagent/service/websocket_http.go:473.16,478.3 3 0
mylab/cpagent/service/websocket_http.go:481.16,486.3 3 0
mylab/cpagent/service/websocket_http.go:493.19,494.26 1 0
mylab/cpagent/service/websocket_http.go:494.26,496.18 2 0
mylab/cpagent/service/websocket_http.go:496.18,501.5 3 0
mylab/cpagent/service/websocket_http.go:507.16,512.3 3 0
mylab/cpagent/service/websocket_http.go:516.79,528.16 3 0
mylab/cpagent/service/websocket_http.go:534.2,534.8 1 0
mylab/cpagent/service/websocket_http.go:528.16,533.3 3 0
mylab/cpagent/service/websocket_http.go:537.111,545.16 3 0
mylab/cpagent/service/websocket_http.go:550.2,551.16 2 0
mylab/cpagent/service/websocket_http.go:557.2,558.8 2 0
mylab/cpagent/service/websocket_http.go:545.16,548.3 2 0
mylab/cpagent/service/websocket_http.go:551.16,555.3 3 0
mylab/cpagent/service/websocket_http.go:561.111,569.16 3 0
mylab/cpagent/service/websocket_http.go:574.2,575.16 2 0
mylab/cpagent/service/websocket_http.go:581.2,582.8 2 0
mylab/cpagent/service/websocket_http.go:569.16,572.3 2 0
mylab/cpagent/service/websocket_http.go:575.16,579.3 3 0
mylab/cpagent/service/websocket_http.go:585.46,588.2 2 0
mylab/cpagent/service/manual_http.go:19.56,20.74 1 0
mylab/cpagent/service/manual_http.go:20.74,26.17 5 0
mylab/cpagent/service/manual_http.go:32.3,32.10 1 0
mylab/cpagent/service/manual_http.go:55.3,55.17 1 0
mylab/cpagent/service/manual_http.go:62.3,62.17 1 0
mylab/cpagent/service/manual_http.go:26.17,30.4 3 0
mylab/cpagent/service/manual_http.go:33.39,37.10 4 0
mylab/cpagent/service/manual_http.go:38.43,42.10 4 0
mylab/cpagent/service/manual_http.go:43.45,47.10 4 0
mylab/cpagent/service/manual_http.go:48.25,52.10 4 0
mylab/cpagent/service/manual_http.go:56.17,57.114 1 0
mylab/cpagent/service/manual_http.go:58.11,59.46 1 0
mylab/cpagent/service/manual_http.go:62.17,66.4 3 0
mylab/cpagent/service/manual_http.go:66.9,72.4 5 0
mylab/cpagent/service/manual_http.go:76.55,77.74 1 0
mylab/cpagent/service/manual_http.go:77.74,84.15 5 0
mylab/cpagent/service/manual_http.go:91.3,91.17 1 0
mylab/cpagent/service/manual_http.go:85.17,86.60 1 0
mylab/cpagent/service/manual_http.go:87.11,88.44 1 0
mylab/cpagent/service/manual_http.go:91.17,95.4 3 0
mylab/cpagent/service/manual_http.go:95.9,100.4 4 0
mylab/cpagent/service/manual_http.go:104.56,105.74 1 0
mylab/cpagent/service/manual_http.go:105.74,112.15 5 0
mylab/cpagent/service/manual_http.go:120.3,120.17 1 0
mylab/cpagent/service/manual_http.go:113.11,113.11 0 0
mylab/cpagent/service/manual_http.go:114.17,115.61 1 0
mylab/cpagent/service/manual_http.go:116.11,117.44 1 0
mylab/cpagent/service/manual_http.go:120.17,124.4 3 0
mylab/cpagent/service/manual_http.go:124.9,129.4 4 0
mylab/cpagent/service/manual_http.go:133.55,134.74 1 0
mylab/cpagent/service/manual_http.go:134.74,143.15 6 0
mylab/cpagent/service/manual_http.go:150.3,150.17 1 0
mylab/cpagent/service/manual_http.go:144.17,145.60 1 0
mylab/cpagent/service/manual_http.go:146.11,147.44 1 0
mylab/cpagent/service/manual_http.go:150.17,154.4 3 0
mylab/cpagent/service/manual_http.go:154.9,159.4 4 0
mylab/cpagent/service/shaking_http.go:13.63,14.74 1 1
mylab/cpagent/service/shaking_http.go:14.74,18.17 3 1
mylab/cpagent/service/shaking_http.go:24.3,25.13 2 1
mylab/cpagent/service/shaking_http.go:31.3,33.17 3 1
mylab/cpagent/service/shaking_http.go:38.3,39.53 2 1
mylab/cpagent/service/shaking_http.go:18.17,22.4 3 0
mylab/cpagent/service/shaking_http.go:25.13,29.4 3 0
mylab/cpagent/service/shaking_http.go:33.17,37.4 3 1
mylab/cpagent/service/shaking_http.go:43.61,44.74 1 1
mylab/cpagent/service/shaking_http.go:44.74,47.17 3 1
mylab/cpagent/service/shaking_http.go:52.3,54.17 3 1
mylab/cpagent/service/shaking_http.go:60.3,61.49 2 1
mylab/cpagent/service/shaking_http.go:47.17,50.4 2 0
mylab/cpagent/service/shaking_http.go:54.17,58.4 3 1
mylab/cpagent/service/shaking_http.go:65.63,66.74 1 1
mylab/cpagent/service/shaking_http.go:66.74,69.17 3 1
mylab/cpagent/service/shaking_http.go:73.3,75.17 3 1
mylab/cpagent/service/shaking_http.go:80.3,81.13 2 1
mylab/cpagent/service/shaking_http.go:86.3,88.17 3 1
mylab/cpagent/service/shaking_http.go:94.3,95.85 2 1
mylab/cpagent/service/shaking_http.go:69.17,72.4 2 0
mylab/cpagent/service/shaking_http.go:75.17,79.4 3 0
mylab/cpagent/service/shaking_http.go:81.13,85.4 3 0
mylab/cpagent/service/shaking_http.go:88.17,92.4 3 1
mylab/cpagent/service/recipe_http.go:12.61,13.74 1 1
mylab/cpagent/service/recipe_http.go:13.74,15.17 2 1
mylab/cpagent/service/recipe_http.go:20.3,21.17 2 1
mylab/cpagent/service/recipe_http.go:27.3,29.22 3 1
mylab/cpagent/service/recipe_http.go:15.17,19.4 3 1
mylab/cpagent/service/recipe_http.go:21.17,25.4 3 0
mylab/cpagent/service/recipe_http.go:33.62,34.74 1 1
mylab/cpagent/service/recipe_http.go:34.74,37.17 3 1
mylab/cpagent/service/recipe_http.go:43.3,44.13 2 1
mylab/cpagent/service/recipe_http.go:49.3,51.17 3 1
mylab/cpagent/service/recipe_http.go:57.3,58.17 2 1
mylab/cpagent/service/recipe_http.go:64.3,66.22 3 1
mylab/cpagent/service/recipe_http.go:37.17,41.4 3 0
mylab/cpagent/service/recipe_http.go:44.13,47.4 2 0
mylab/cpagent/service/recipe_http.go:51.17,55.4 3 1
mylab/cpagent/service/recipe_http.go:58.17,62.4 3 0
mylab/cpagent/service/recipe_http.go:70.60,71.74 1 1
mylab/cpagent/service/recipe_http.go:71.74,75.17 3 1
mylab/cpagent/service/recipe_http.go:80.3,83.17 3 1
mylab/cpagent/service/recipe_http.go:89.3,90.17 2 1
mylab/cpagent/service/recipe_http.go:96.3,98.22 3 1
mylab/cpagent/service/recipe_http.go:75.17,78.4 2 0
mylab/cpagent/service/recipe_http.go:83.17,87.4 3 1
mylab/cpagent/service/recipe_http.go:90.17,94.4 3 0
mylab/cpagent/service/recipe_http.go:102.62,103.74 1 1
mylab/cpagent/service/recipe_http.go:103.74,106.17 3 1
mylab/cpagent/service/recipe_http.go:111.3,112.17 2 1
mylab/cpagent/service/recipe_http.go:118.3,120.60 3 1
mylab/cpagent/service/recipe_http.go:106.17,109.4 2 0
mylab/cpagent/service/recipe_http.go:112.17,116.4 3 1
mylab/cpagent/service/recipe_http.go:124.62,125.74 1 1
mylab/cpagent/service/recipe_http.go:125.74,128.17 3 1
mylab/cpagent/service/recipe_http.go:133.3,136.17 3 1
mylab/cpagent/service/recipe_http.go:142.3,143.13 2 1
mylab/cpagent/service/recipe_http.go:148.3,150.17 3 1
mylab/cpagent/service/recipe_http.go:156.3,158.60 3 1
mylab/cpagent/service/recipe_http.go:128.17,131.4 2 0
mylab/cpagent/service/recipe_http.go:136.17,140.4 3 0
mylab/cpagent/service/recipe_http.go:143.13,146.4 2 0
mylab/cpagent/service/recipe_http.go:150.17,154.4 3 1
mylab/cpagent/service/recipe_http.go:162.63,163.74 1 0
mylab/cpagent/service/recipe_http.go:163.74,166.17 3 0
mylab/cpagent/service/recipe_http.go:171.3,175.17 4 0
mylab/cpagent/service/recipe_http.go:182.3,184.17 3 0
mylab/cpagent/service/recipe_http.go:190.3,192.62 3 0
mylab/cpagent/service/recipe_http.go:166.17,169.4 2 0
mylab/cpagent/service/recipe_http.go:175.17,179.4 3 0
mylab/cpagent/service/recipe_http.go:184.17,188.4 3 0
mylab/cpagent/service/stage_http.go:12.60,13.74 1 1
mylab/cpagent/service/stage_http.go:13.74,16.17 3 1
mylab/cpagent/service/stage_http.go:20.3,21.17 2 1
mylab/cpagent/service/stage_http.go:27.3,28.17 2 1
mylab/cpagent/service/stage_http.go:34.3,36.22 3 1
mylab/cpagent/service/stage_http.go:16.17,19.4 2 0
mylab/cpagent/service/stage_http.go:21.17,25.4 3 1
mylab/cpagent/service/stage_http.go:28.17,32.4 3 0
mylab/cpagent/service/stage_http.go:40.61,41.74 1 1
mylab/cpagent/service/stage_http.go:41.74,44.17 3 1
mylab/cpagent/service/stage_http.go:49.3,52.17 3 1
mylab/cpagent/service/stage_http.go:58.3,59.13 2 1
mylab/cpagent/service/stage_http.go:64.3,67.17 3 1
mylab/cpagent/service/stage_http.go:73.3,75.59 3 0
mylab/cpagent/service/stage_http.go:44.17,47.4 2 0
mylab/cpagent/service/stage_http.go:52.17,56.4 3 0
mylab/cpagent/service/stage_http.go:59.13,62.4 2 0
mylab/cpagent/service/stage_http.go:67.17,71.4 3 0
mylab/cpagent/service/stage_http.go:79.59,80.74 1 1
mylab/cpagent/service/stage_http.go:80.74,84.17 3 1
mylab/cpagent/service/stage_http.go:89.3,92.17 3 1
mylab/cpagent/service/stage_http.go:98.3,99.17 2 1
mylab/cpagent/service/stage_http.go:105.3,107.54 3 1
mylab/cpagent/service/stage_http.go:84.17,87.4 2 0
mylab/cpagent/service/stage_http.go:92.17,96.4 3 0
mylab/cpagent/service/stage_http.go:99.17,103.4 3 0
mylab/cpagent/service/stage_http.go:111.61,112.74 1 1
mylab/cpagent/service/stage_http.go:112.74,115.17 3 1
mylab/cpagent/service/stage_http.go:120.3,121.17 2 1
mylab/cpagent/service/stage_http.go:127.3,129.59 3 0
mylab/cpagent/service/stage_http.go:115.17,118.4 2 0
mylab/cpagent/service/stage_http.go:121.17,125.4 3 0
mylab/cpagent/service/wells_http.go:13.59,14.74 1 1
mylab/cpagent/service/wells_http.go:14.74,17.17 3 1
mylab/cpagent/service/wells_http.go:22.3,23.17 2 1
mylab/cpagent/service/wells_http.go:28.3,28.21 1 1
mylab/cpagent/service/wells_http.go:45.3,46.17 2 1
mylab/cpagent/service/wells_http.go:52.3,54.22 3 1
mylab/cpagent/service/wells_http.go:17.17,20.4 2 0
mylab/cpagent/service/wells_http.go:23.17,27.4 3 1
mylab/cpagent/service/wells_http.go:28.21,31.18 2 1
mylab/cpagent/service/wells_http.go:37.4,37.34 1 1
mylab/cpagent/service/wells_http.go:31.18,35.5 3 0
mylab/cpagent/service/wells_http.go:37.34,38.29 1 1
mylab/cpagent/service/wells_http.go:38.29,39.38 1 1
mylab/cpagent/service/wells_http.go:39.38,41.7 1 1
mylab/cpagent/service/wells_http.go:46.17,50.4 3 0
mylab/cpagent/service/wells_http.go:58.60,59.74 1 1
mylab/cpagent/service/wells_http.go:59.74,62.17 3 1
mylab/cpagent/service/wells_http.go:67.3,69.17 3 1
mylab/cpagent/service/wells_http.go:75.3,76.13 2 1
mylab/cpagent/service/wells_http.go:82.3,82.31 1 1
mylab/cpagent/service/wells_http.go:87.3,88.33 2 1
mylab/cpagent/service/wells_http.go:99.3,101.17 3 1
mylab/cpagent/service/wells_http.go:108.3,109.41 2 1
mylab/cpagent/service/wells_http.go:119.3,120.17 2 1
mylab/cpagent/service/wells_http.go:126.3,126.36 1 1
mylab/cpagent/service/wells_http.go:133.3,134.17 2 1
mylab/cpagent/service/wells_http.go:140.3,142.54 3 1
mylab/cpagent/service/wells_http.go:62.17,65.4 2 0
mylab/cpagent/service/wells_http.go:69.17,73.4 3 0
mylab/cpagent/service/wells_http.go:76.13,79.4 2 0
mylab/cpagent/service/wells_http.go:82.31,84.4 1 0
mylab/cpagent/service/wells_http.go:88.33,97.4 2 1
mylab/cpagent/service/wells_http.go:101.17,105.4 3 0
mylab/cpagent/service/wells_http.go:109.41,110.41 1 1
mylab/cpagent/service/wells_http.go:110.41,116.5 2 1
mylab/cpagent/service/wells_http.go:120.17,124.4 3 0
mylab/cpagent/service/wells_http.go:126.36,127.34 1 1
mylab/cpagent/service/wells_http.go:127.34,128.37 1 1
mylab/cpagent/service/wells_http.go:128.37,130.6 1 1
mylab/cpagent/service/wells_http.go:134.17,138.4 3 0
mylab/cpagent/service/wells_http.go:146.58,147.74 1 1
mylab/cpagent/service/wells_http.go:147.74,151.17 3 1
mylab/cpagent/service/wells_http.go:156.3,159.17 3 1
mylab/cpagent/service/wells_http.go:165.3,166.17 2 1
mylab/cpagent/service/wells_http.go:172.3,173.17 2 1
mylab/cpagent/service/wells_http.go:179.3,181.54 3 1
mylab/cpagent/service/wells_http.go:151.17,154.4 2 0
mylab/cpagent/service/wells_http.go:159.17,163.4 3 0
mylab/cpagent/service/wells_http.go:166.17,170.4 3 0
mylab/cpagent/service/wells_http.go:173.17,177.4 3 0
mylab/cpagent/service/wells_http.go:185.60,186.74 1 1
mylab/cpagent/service/wells_http.go:186.74,189.17 3 1
mylab/cpagent/service/wells_http.go:194.3,195.17 2 1
mylab/cpagent/service/wells_http.go:201.3,203.58 3 1
mylab/cpagent/service/wells_http.go:189.17,192.4 2 0
mylab/cpagent/service/wells_http.go:195.17,199.4 3 0
mylab/cpagent/service/wells_http.go:207.48,208.74 1 0
mylab/cpagent/service/wells_http.go:208.74,211.28 2 0
mylab/cpagent/service/wells_http.go:217.3,218.17 2 0
mylab/cpagent/service/wells_http.go:224.3,226.22 3 0
mylab/cpagent/service/wells_http.go:211.28,215.4 3 0
mylab/cpagent/service/wells_http.go:218.17,222.4 3 0
mylab/cpagent/service/authenticate.go:25.102,29.21 3 0
mylab/cpagent/service/authenticate.go:32.2,32.19 1 0
mylab/cpagent/service/authenticate.go:29.21,31.3 1 0
mylab/cpagent/service/authenticate.go:36.101,50.16 4 0
mylab/cpagent/service/authenticate.go:53.2,53.25 1 0
mylab/cpagent/service/authenticate.go:50.16,52.3 1 0
mylab/cpagent/service/authenticate.go:58.55,60.83 2 0
mylab/cpagent/service/authenticate.go:64.2,64.16 1 0
mylab/cpagent/service/authenticate.go:67.2,67.23 1 0
mylab/cpagent/service/authenticate.go:71.2,71.17 1 0
mylab/cpagent/service/authenticate.go:60.83,62.3 1 0
mylab/cpagent/service/authenticate.go:64.16,66.3 1 0
mylab/cpagent/service/authenticate.go:67.23,70.3 2 0
mylab/cpagent/service/authenticate.go:77.78,78.58 1 0
mylab/cpagent/service/authenticate.go:78.58,81.18 2 0
mylab/cpagent/service/authenticate.go:81.18,83.18 2 0
mylab/cpagent/service/authenticate.go:89.4,90.18 2 0
mylab/cpagent/service/authenticate.go:95.4,95.18 1 0
mylab/cpagent/service/authenticate.go:83.18,87.5 3 0
mylab/cpagent/service/authenticate.go:90.18,94.5 3 0
mylab/cpagent/service/authenticate.go:97.9,101.4 3 0
mylab/cpagent/service/authenticate.go:105.80,107.9 2 0
mylab/cpagent/service/authenticate.go:111.2,112.16 2 0
mylab/cpagent/service/authenticate.go:116.2,116.8 1 0
mylab/cpagent/service/authenticate.go:107.9,110.3 2 0
mylab/cpagent/service/authenticate.go:112.16,115.3 2 0
mylab/cpagent/service/authenticate.go:119.50,121.27 1 0
mylab/cpagent/service/authenticate.go:127.2,127.11 1 0
mylab/cpagent/service/authenticate.go:121.27,123.21 2 0
mylab/cpagent/service/authenticate.go:123.21,125.4 1 0
mylab/cpagent/service/authenticate.go:131.83,132.58 1 0
mylab/cpagent/service/authenticate.go:132.58,136.18 2 0
mylab/cpagent/service/authenticate.go:136.18,139.18 2 0
mylab/cpagent/service/authenticate.go:145.4,146.11 2 0
mylab/cpagent/service/authenticate.go:153.4,153.23 1 0
mylab/cpagent/service/authenticate.go:159.4,160.18 2 0
mylab/cpagent/service/authenticate.go:165.4,165.18 1 0
mylab/cpagent/service/authenticate.go:139.18,143.5 3 0
mylab/cpagent/service/authenticate.go:146.11,150.5 3 0
mylab/cpagent/service/authenticate.go:153.23,157.5 3 0
mylab/cpagent/service/authenticate.go:160.18,164.5 3 0
mylab/cpagent/service/authenticate.go:166.9,170.4 3 0
mylab/cpagent/service/ping_http.go:14.61,18.16 3 0
mylab/cpagent/service/ping_http.go:23.2,24.21 2 0
mylab/cpagent/service/ping_http.go:18.16,21.3 2 0
mylab/cpagent/service/router.go:18.57,119.2 95 0
mylab/cpagent/service/websocket_analysis.go:13.126,26.2 4 0
mylab/cpagent/service/websocket_analysis.go:29.42,32.2 1 0
mylab/cpagent/service/websocket_analysis.go:35.48,38.23 2 0
mylab/cpagent/service/websocket_analysis.go:55.2,55.17 1 0
mylab/cpagent/service/websocket_analysis.go:38.23,44.17 5 0
mylab/cpagent/service/websocket_analysis.go:45.15,46.53 1 0
mylab/cpagent/service/websocket_analysis.go:47.16,49.39 2 0
mylab/cpagent/service/websocket_analysis.go:50.11,52.19 2 0
mylab/cpagent/service/websocket_analysis.go:59.53,61.49 1 0
mylab/cpagent/service/websocket_analysis.go:75.2,75.8 1 0
mylab/cpagent/service/websocket_analysis.go:61.49,66.46 5 0
mylab/cpagent/service/websocket_analysis.go:66.46,72.4 4 0
mylab/cpagent/service/websocket_analysis.go:78.144,80.49 1 0
mylab/cpagent/service/websocket_analysis.go:80.49,81.28 1 0
mylab/cpagent/service/websocket_analysis.go:96.3,96.32 1 0
mylab/cpagent/service/websocket_analysis.go:81.28,82.36 1 0
mylab/cpagent/service/websocket_analysis.go:82.36,83.69 1 0
mylab/cpagent/service/websocket_analysis.go:83.69,84.72 1 0
mylab/cpagent/service/websocket_analysis.go:84.72,88.7 1 0
mylab/cpagent/service/websocket_analysis.go:88.12,88.102 1 0
mylab/cpagent/service/websocket_analysis.go:88.102,92.7 1 0
mylab/cpagent/service/websocket_analysis.go:97.8,99.29 2 0
mylab/cpagent/service/websocket_analysis.go:102.3,102.28 1 0
mylab/cpagent/service/websocket_analysis.go:165.3,165.32 1 0
mylab/cpagent/service/websocket_analysis.go:99.29,101.4 1 0
mylab/cpagent/service/websocket_analysis.go:102.28,103.36 1 0
mylab/cpagent/service/websocket_analysis.go:103.36,104.31 1 0
mylab/cpagent/service/websocket_analysis.go:150.5,150.120 1 0
mylab/cpagent/service/websocket_analysis.go:104.31,106.143 1 0
mylab/cpagent/service/websocket_analysis.go:106.143,108.14 1 0
mylab/cpagent/service/websocket_analysis.go:109.173,112.57 2 0
mylab/cpagent/service/websocket_analysis.go:114.144,117.57 2 0
mylab/cpagent/service/websocket_analysis.go:119.140,122.34 2 0
mylab/cpagent/service/websocket_analysis.go:124.75,126.34 2 0
mylab/cpagent/service/websocket_analysis.go:128.56,129.34 1 0
mylab/cpagent/service/websocket_analysis.go:131.108,132.57 1 0
mylab/cpagent/service/websocket_analysis.go:136.12,136.150 1 0
mylab/cpagent/service/websocket_analysis.go:136.150,139.73 1 0
mylab/cpagent/service/websocket_analysis.go:139.73,143.8 1 0
mylab/cpagent/service/websocket_analysis.go:143.13,143.103 1 0
mylab/cpagent/service/websocket_analysis.go:143.103,147.8 1 0
mylab/cpagent/service/websocket_analysis.go:150.120,153.72 1 0
mylab/cpagent/service/websocket_analysis.go:153.72,157.7 1 0
mylab/cpagent/service/websocket_analysis.go:157.12,157.102 1 0
mylab/cpagent/service/websocket_analysis.go:157.102,161.7 1 0
mylab/cpagent/service/websocket_analysis.go:169.120,172.27 1 0
mylab/cpagent/service/websocket_analysis.go:200.2,200.8 1 0
mylab/cpagent/service/websocket_analysis.go:172.27,176.29 3 0
mylab/cpagent/service/websocket_analysis.go:176.29,178.29 2 0
mylab/cpagent/service/websocket_analysis.go:194.4,196.35 3 0
mylab/cpagent/service/websocket_analysis.go:178.29,179.87 1 0
mylab/cpagent/service/websocket_analysis.go:179.87,186.43 5 0
mylab/cpagent/service/websocket_analysis.go:186.43,189.7 2 0
mylab/cpagent/service/websocket_analysis.go:203.54,204.27 1 0
mylab/cpagent/service/websocket_analysis.go:210.2,210.8 1 0
mylab/cpagent/service/websocket_analysis.go:204.27,205.15 1 0
mylab/cpagent/service/websocket_analysis.go:205.15,208.4 2 0
mylab/cpagent/service/websocket_analysis.go:214.52,215.49 1 0
mylab/cpagent/service/websocket_analysis.go:230.2,230.8 1 0
mylab/cpagent/service/websocket_analysis.go:215.49,217.46 1 0
mylab/cpagent/service/websocket_analysis.go:217.46,228.4 6 0
mylab/cpagent/service/discard_tip_and_home_http.go:11.64,12.74 1 0
mylab/cpagent/service/discard_tip_and_home_http.go:12.74,21.63 6 0
mylab/cpagent/service/discard_tip_and_home_http.go:28.3,28.15 1 0
mylab/cpagent/service/discard_tip_and_home_http.go:39.3,39.17 1 0
mylab/cpagent/service/discard_tip_and_home_http.go:21.63,26.4 4 0
mylab/cpagent/service/discard_tip_and_home_http.go:29.17,33.96 4 0
mylab/cpagent/service/discard_tip_and_home_http.go:34.11,36.23 2 0
mylab/cpagent/service/discard_tip_and_home_http.go:39.17,43.4 3 0
mylab/cpagent/service/experiment_http.go:16.64,17.74 1 0
mylab/cpagent/service/experiment_http.go:17.74,19.17 2 0
mylab/cpagent/service/experiment_http.go:25.3,26.17 2 0
mylab/cpagent/service/experiment_http.go:32.3,34.22 3 0
mylab/cpagent/service/experiment_http.go:19.17,23.4 3 0
mylab/cpagent/service/experiment_http.go:26.17,30.4 3 0
mylab/cpagent/service/experiment_http.go:38.66,39.74 1 0
mylab/cpagent/service/experiment_http.go:39.74,42.17 3 0
mylab/cpagent/service/experiment_http.go:48.3,49.13 2 0
mylab/cpagent/service/experiment_http.go:55.3,57.17 3 0
mylab/cpagent/service/experiment_http.go:65.3,66.17 2 0
mylab/cpagent/service/experiment_http.go:74.3,76.24 2 0
mylab/cpagent/service/experiment_http.go:89.3,90.17 2 0
mylab/cpagent/service/experiment_http.go:96.3,97.17 2 0
mylab/cpagent/service/experiment_http.go:103.3,105.54 3 0
mylab/cpagent/service/experiment_http.go:42.17,46.4 3 0
mylab/cpagent/service/experiment_http.go:49.13,52.4 2 0
mylab/cpagent/service/experiment_http.go:57.17,61.4 3 0
mylab/cpagent/service/experiment_http.go:66.17,70.4 3 0
mylab/cpagent/service/experiment_http.go:76.24,85.4 6 0
mylab/cpagent/service/experiment_http.go:90.17,94.4 3 0
mylab/cpagent/service/experiment_http.go:97.17,101.4 3 0
mylab/cpagent/service/experiment_http.go:109.64,110.74 1 0
mylab/cpagent/service/experiment_http.go:110.74,114.17 3 0
mylab/cpagent/service/experiment_http.go:119.3,122.17 3 0
mylab/cpagent/service/experiment_http.go:128.3,129.17 2 0
mylab/cpagent/service/experiment_http.go:135.3,137.54 3 0
mylab/cpagent/service/experiment_http.go:114.17,117.4 2 0
mylab/cpagent/service/experiment_http.go:122.17,126.4 3 0
mylab/cpagent/service/experiment_http.go:129.17,133.4 3 0
mylab/cpagent/service/experiment_http.go:141.63,142.74 1 0
mylab/cpagent/service/experiment_http.go:142.74,145.17 3 0
mylab/cpagent/service/experiment_http.go:150.3,151.17 2 0
mylab/cpagent/service/experiment_http.go:159.3,162.17 3 0
mylab/cpagent/service/experiment_http.go:168.3,169.17 2 0
mylab/cpagent/service/experiment_http.go:174.3,177.17 3 0
mylab/cpagent/service/experiment_http.go:183.3,184.17 2 0
mylab/cpagent/service/experiment_http.go:190.3,191.17 2 0
mylab/cpagent/service/experiment_http.go:198.3,199.17 2 0
mylab/cpagent/service/experiment_http.go:205.3,207.35 2 0
mylab/cpagent/service/experiment_http.go:214.3,220.17 4 0
mylab/cpagent/service/experiment_http.go:226.3,231.15 3 0
mylab/cpagent/service/experiment_http.go:244.3,247.9 4 0
mylab/cpagent/service/experiment_http.go:145.17,148.4 2 0
mylab/cpagent/service/experiment_http.go:151.17,155.4 3 0
mylab/cpagent/service/experiment_http.go:162.17,166.4 3 0
mylab/cpagent/service/experiment_http.go:169.17,173.4 3 0
mylab/cpagent/service/experiment_http.go:177.17,181.4 3 0
mylab/cpagent/service/experiment_http.go:184.17,188.4 3 0
mylab/cpagent/service/experiment_http.go:191.17,195.4 3 0
mylab/cpagent/service/experiment_http.go:199.17,203.4 3 0
mylab/cpagent/service/experiment_http.go:207.35,208.54 1 0
mylab/cpagent/service/experiment_http.go:208.54,210.5 1 0
mylab/cpagent/service/experiment_http.go:220.17,224.4 2 0
mylab/cpagent/service/experiment_http.go:231.15,233.18 2 0
mylab/cpagent/service/experiment_http.go:238.4,241.10 4 0
mylab/cpagent/service/experiment_http.go:233.18,237.5 3 0
mylab/cpagent/service/experiment_http.go:251.64,252.74 1 0
mylab/cpagent/service/experiment_http.go:252.74,256.17 3 0
mylab/cpagent/service/experiment_http.go:261.3,262.17 2 0
mylab/cpagent/service/experiment_http.go:268.3,269.17 2 0
mylab/cpagent/service/experiment_http.go:275.3,277.51 3 0
mylab/cpagent/service/experiment_http.go:256.17,259.4 2 0
mylab/cpagent/service/experiment_http.go:262.17,266.4 3 0
mylab/cpagent/service/experiment_http.go:269.17,273.4 3 0
mylab/cpagent/service/experiment_temperature_http.go:10.64,11.74 1 0
mylab/cpagent/service/experiment_temperature_http.go:11.74,15.17 3 0
mylab/cpagent/service/experiment_temperature_http.go:20.3,21.17 2 0
mylab/cpagent/service/experiment_temperature_http.go:27.3,29.22 3 0
mylab/cpagent/service/experiment_temperature_http.go:15.17,18.4 2 0
mylab/cpagent/service/experiment_temperature_http.go:21.17,25.4 3 0
mylab/cpagent/service/heating_http.go:13.63,14.74 1 1
mylab/cpagent/service/heating_http.go:14.74,17.17 3 1
mylab/cpagent/service/heating_http.go:23.3,24.13 2 1
mylab/cpagent/service/heating_http.go:30.3,32.17 3 1
mylab/cpagent/service/heating_http.go:37.3,38.58 2 1
mylab/cpagent/service/heating_http.go:17.17,21.4 3 0
mylab/cpagent/service/heating_http.go:24.13,28.4 3 0
mylab/cpagent/service/heating_http.go:32.17,36.4 3 1
mylab/cpagent/service/heating_http.go:42.61,43.74 1 1
mylab/cpagent/service/heating_http.go:43.74,47.17 3 1
mylab/cpagent/service/heating_http.go:52.3,55.17 3 1
mylab/cpagent/service/heating_http.go:61.3,62.49 2 1
mylab/cpagent/service/heating_http.go:47.17,50.4 2 0
mylab/cpagent/service/heating_http.go:55.17,59.4 3 1
mylab/cpagent/service/heating_http.go:66.63,67.74 1 1
mylab/cpagent/service/heating_http.go:67.74,70.17 3 1
mylab/cpagent/service/heating_http.go:75.3,78.17 3 1
mylab/cpagent/service/heating_http.go:84.3,85.13 2 1
mylab/cpagent/service/heating_http.go:91.3,93.17 3 1
mylab/cpagent/service/heating_http.go:99.3,100.85 2 1
mylab/cpagent/service/heating_http.go:70.17,73.4 2 0
mylab/cpagent/service/heating_http.go:78.17,82.4 3 0
mylab/cpagent/service/heating_http.go:85.13,89.4 3 0
mylab/cpagent/service/heating_http.go:93.17,97.4 3 1
mylab/cpagent/service/result_http.go:10.59,11.74 1 1
mylab/cpagent/service/result_http.go:11.74,15.17 3 1
mylab/cpagent/service/result_http.go:20.3,21.17 2 1
mylab/cpagent/service/result_http.go:27.3,27.21 1 1
mylab/cpagent/service/result_http.go:59.3,62.9 4 0
mylab/cpagent/service/result_http.go:15.17,18.4 2 0
mylab/cpagent/service/result_http.go:21.17,25.4 3 0
mylab/cpagent/service/result_http.go:27.21,29.28 2 1
mylab/cpagent/service/result_http.go:33.4,34.18 2 1
mylab/cpagent/service/result_http.go:40.4,41.18 2 1
mylab/cpagent/service/result_http.go:47.4,48.18 2 0
mylab/cpagent/service/result_http.go:53.4,56.10 4 0
mylab/cpagent/service/result_http.go:29.28,31.5 1 1
mylab/cpagent/service/result_http.go:34.18,38.5 3 0
mylab/cpagent/service/result_http.go:41.18,45.5 3 0
mylab/cpagent/service/result_http.go:48.18,52.5 3 0
mylab/cpagent/service/run_recipe_http.go:18.77,19.74 1 0
mylab/cpagent/service/run_recipe_http.go:19.74,27.17 5 0
mylab/cpagent/service/run_recipe_http.go:33.3,33.15 1 0
mylab/cpagent/service/run_recipe_http.go:44.3,44.17 1 0
mylab/cpagent/service/run_recipe_http.go:27.17,31.4 3 0
mylab/cpagent/service/run_recipe_http.go:34.17,38.92 4 0
mylab/cpagent/service/run_recipe_http.go:40.11,41.44 1 0
mylab/cpagent/service/run_recipe_http.go:44.17,49.4 4 0
mylab/cpagent/service/run_recipe_http.go:53.61,54.74 1 0
mylab/cpagent/service/run_recipe_http.go:54.74,61.15 4 0
mylab/cpagent/service/run_recipe_http.go:83.3,83.17 1 0
mylab/cpagent/service/run_recipe_http.go:90.3,90.9 1 0
mylab/cpagent/service/run_recipe_http.go:62.17,64.21 1 0
mylab/cpagent/service/run_recipe_http.go:71.4,77.10 6 0
mylab/cpagent/service/run_recipe_http.go:79.11,80.44 1 0
mylab/cpagent/service/run_recipe_http.go:64.21,69.5 4 0
mylab/cpagent/service/run_recipe_http.go:83.17,89.4 4 0
mylab/cpagent/service/run_recipe_http.go:94.136,96.15 1 0
mylab/cpagent/service/run_recipe_http.go:104.2,104.42 1 0
mylab/cpagent/service/run_recipe_http.go:109.2,109.42 1 0
mylab/cpagent/service/run_recipe_http.go:115.2,120.16 4 0
mylab/cpagent/service/run_recipe_http.go:125.2,126.16 2 0
mylab/cpagent/service/run_recipe_http.go:131.2,141.17 3 0
mylab/cpagent/service/run_recipe_http.go:147.2,147.30 1 0
mylab/cpagent/service/run_recipe_http.go:292.2,308.16 5 0
mylab/cpagent/service/run_recipe_http.go:312.2,317.16 4 0
mylab/cpagent/service/run_recipe_http.go:321.2,321.23 1 0
mylab/cpagent/service/run_recipe_http.go:96.15,97.17 1 0
mylab/cpagent/service/run_recipe_http.go:101.3,101.31 1 0
mylab/cpagent/service/run_recipe_http.go:97.17,100.4 2 0
mylab/cpagent/service/run_recipe_http.go:104.42,107.3 2 0
mylab/cpagent/service/run_recipe_http.go:109.42,113.3 2 0
mylab/cpagent/service/run_recipe_http.go:120.16,122.3 1 0
mylab/cpagent/service/run_recipe_http.go:126.16,129.3 1 0
mylab/cpagent/service/run_recipe_http.go:141.17,145.3 3 0
mylab/cpagent/service/run_recipe_http.go:147.30,152.18 2 0
mylab/cpagent/service/run_recipe_http.go:165.3,165.17 1 0
mylab/cpagent/service/run_recipe_http.go:152.18,158.18 4 0
mylab/cpagent/service/run_recipe_http.go:161.4,162.48 2 0
mylab/cpagent/service/run_recipe_http.go:158.18,160.5 1 0
mylab/cpagent/service/run_recipe_http.go:166.25,168.18 2 0
mylab/cpagent/service/run_recipe_http.go:171.4,173.41 2 0
mylab/cpagent/service/run_recipe_http.go:179.4,180.18 2 0
mylab/cpagent/service/run_recipe_http.go:184.18,188.18 4 0
mylab/cpagent/service/run_recipe_http.go:192.4,192.19 1 0
mylab/cpagent/service/run_recipe_http.go:194.18,196.18 2 0
mylab/cpagent/service/run_recipe_http.go:199.4,202.18 3 0
mylab/cpagent/service/run_recipe_http.go:205.4,205.20 1 0
mylab/cpagent/service/run_recipe_http.go:207.19,209.18 2 0
mylab/cpagent/service/run_recipe_http.go:212.4,214.32 2 0
mylab/cpagent/service/run_recipe_http.go:220.4,221.18 2 0
mylab/cpagent/service/run_recipe_http.go:225.23,228.18 3 0
mylab/cpagent/service/run_recipe_http.go:231.4,232.18 2 0
mylab/cpagent/service/run_recipe_http.go:236.23,238.18 2 0
mylab/cpagent/service/run_recipe_http.go:241.4,244.18 3 0
mylab/cpagent/service/run_recipe_http.go:248.4,248.19 1 0
mylab/cpagent/service/run_recipe_http.go:263.21,265.18 2 0
mylab/cpagent/service/run_recipe_http.go:268.4,269.40 2 0
mylab/cpagent/service/run_recipe_http.go:274.4,275.18 2 0
mylab/cpagent/service/run_recipe_http.go:278.16,280.18 2 0
mylab/cpagent/service/run_recipe_http.go:283.4,285.18 3 0
mylab/cpagent/service/run_recipe_http.go:168.18,170.5 1 0
mylab/cpagent/service/run_recipe_http.go:173.41,175.5 1 0
mylab/cpagent/service/run_recipe_http.go:175.10,177.5 1 0
mylab/cpagent/service/run_recipe_http.go:180.18,182.5 1 0
mylab/cpagent/service/run_recipe_http.go:188.18,191.5 1 0
mylab/cpagent/service/run_recipe_http.go:196.18,198.5 1 0
mylab/cpagent/service/run_recipe_http.go:202.18,204.5 1 0
mylab/cpagent/service/run_recipe_http.go:209.18,211.5 1 0
mylab/cpagent/service/run_recipe_http.go:214.32,216.5 1 0
mylab/cpagent/service/run_recipe_http.go:216.10,218.5 1 0
mylab/cpagent/service/run_recipe_http.go:221.18,223.5 1 0
mylab/cpagent/service/run_recipe_http.go:228.18,230.5 1 0
mylab/cpagent/service/run_recipe_http.go:232.18,234.5 1 0
mylab/cpagent/service/run_recipe_http.go:238.18,240.5 1 0
mylab/cpagent/service/run_recipe_http.go:244.18,246.5 1 0
mylab/cpagent/service/run_recipe_http.go:249.22,252.19 2 0
mylab/cpagent/service/run_recipe_http.go:255.5,256.19 2 0
mylab/cpagent/service/run_recipe_http.go:259.23,260.32 1 0
mylab/cpagent/service/run_recipe_http.go:252.19,254.6 1 0
mylab/cpagent/service/run_recipe_http.go:256.19,258.6 1 0
mylab/cpagent/service/run_recipe_http.go:265.18,267.5 1 0
mylab/cpagent/service/run_recipe_http.go:269.40,271.5 1 0
mylab/cpagent/service/run_recipe_http.go:271.10,273.5 1 0
mylab/cpagent/service/run_recipe_http.go:275.18,277.5 1 0
mylab/cpagent/service/run_recipe_http.go:280.18,282.5 1 0
mylab/cpagent/service/run_recipe_http.go:285.18,287.5 1 0
mylab/cpagent/service/run_recipe_http.go:308.16,311.3 2 0
mylab/cpagent/service/run_recipe_http.go:317.16,319.3 1 0
mylab/cpagent/service/run_recipe_http.go:324.89,327.18 1 0
mylab/cpagent/service/run_recipe_http.go:335.2,336.15 2 0
mylab/cpagent/service/run_recipe_http.go:328.9,329.31 1 0
mylab/cpagent/service/run_recipe_http.go:330.9,331.31 1 0
mylab/cpagent/service/run_recipe_http.go:332.9,333.31 1 0
mylab/cpagent/service/run_recipe_http.go:339.134,358.33 3 0
mylab/cpagent/service/run_recipe_http.go:363.2,364.16 2 0
mylab/cpagent/service/run_recipe_http.go:367.2,369.8 2 0
mylab/cpagent/service/run_recipe_http.go:358.33,361.3 2 0
mylab/cpagent/service/run_recipe_http.go:364.16,366.3 1 0
mylab/cpagent/service/run_recipe_http.go:372.51,373.6 1 0
mylab/cpagent/service/run_recipe_http.go:373.6,375.10 2 0
mylab/cpagent/service/run_recipe_http.go:376.25,378.14 2 0
mylab/cpagent/service/run_recipe_http.go:379.29,381.41 2 0
mylab/cpagent/service/aspire_dispense_http.go:13.70,14.74 1 1
mylab/cpagent/service/aspire_dispense_http.go:14.74,17.17 3 1
mylab/cpagent/service/aspire_dispense_http.go:23.3,24.13 2 1
mylab/cpagent/service/aspire_dispense_http.go:30.3,32.17 3 1
mylab/cpagent/service/aspire_dispense_http.go:37.3,38.58 2 1
mylab/cpagent/service/aspire_dispense_http.go:17.17,21.4 3 0
mylab/cpagent/service/aspire_dispense_http.go:24.13,28.4 3 0
mylab/cpagent/service/aspire_dispense_http.go:32.17,36.4 3 1
mylab/cpagent/service/aspire_dispense_http.go:42.68,43.74 1 1
mylab/cpagent/service/aspire_dispense_http.go:43.74,47.17 3 1
mylab/cpagent/service/aspire_dispense_http.go:53.3,56.17 3 1
mylab/cpagent/service/aspire_dispense_http.go:62.3,63.49 2 1
mylab/cpagent/service/aspire_dispense_http.go:47.17,51.4 2 0
mylab/cpagent/service/aspire_dispense_http.go:56.17,60.4 3 1
mylab/cpagent/service/aspire_dispense_http.go:67.70,68.74 1 1
mylab/cpagent/service/aspire_dispense_http.go:68.74,71.17 3 1
mylab/cpagent/service/aspire_dispense_http.go:77.3,80.17 3 1
mylab/cpagent/service/aspire_dispense_http.go:86.3,87.13 2 1
mylab/cpagent/service/aspire_dispense_http.go:93.3,95.17 3 1
mylab/cpagent/service/aspire_dispense_http.go:101.3,102.92 2 1
mylab/cpagent/service/aspire_dispense_http.go:71.17,75.4 2 0
mylab/cpagent/service/aspire_dispense_http.go:80.17,84.4 3 0
mylab/cpagent/service/aspire_dispense_http.go:87.13,91.4 3 0
mylab/cpagent/service/aspire_dispense_http.go:95.17,99.4 3 1
mylab/cpagent/service/exp_template_target_http.go:12.68,13.74 1 0
mylab/cpagent/service/exp_template_target_http.go:13.74,18.17 3 0
mylab/cpagent/service/exp_template_target_http.go:22.3,23.17 2 0
mylab/cpagent/service/exp_template_target_http.go:29.3,30.17 2 0
mylab/cpagent/service/exp_template_target_http.go:36.3,38.22 3 0
mylab/cpagent/service/exp_template_target_http.go:18.17,21.4 2 0
mylab/cpagent/service/exp_template_target_http.go:23.17,27.4 3 0
mylab/cpagent/service/exp_template_target_http.go:30.17,34.4 3 0
mylab/cpagent/service/exp_template_target_http.go:42.70,43.74 1 0
mylab/cpagent/service/exp_template_target_http.go:43.74,46.17 3 0
mylab/cpagent/service/exp_template_target_http.go:50.3,52.17 3 0
mylab/cpagent/service/exp_template_target_http.go:58.3,58.24 1 0
mylab/cpagent/service/exp_template_target_http.go:66.3,68.17 3 0
mylab/cpagent/service/exp_template_target_http.go:74.3,75.17 2 0
mylab/cpagent/service/exp_template_target_http.go:80.3,82.54 3 0
mylab/cpagent/service/exp_template_target_http.go:46.17,49.4 2 0
mylab/cpagent/service/exp_template_target_http.go:52.17,56.4 3 0
mylab/cpagent/service/exp_template_target_http.go:58.24,60.14 2 0
mylab/cpagent/service/exp_template_target_http.go:60.14,63.5 2 0
mylab/cpagent/service/exp_template_target_http.go:68.17,72.4 3 0
mylab/cpagent/service/exp_template_target_http.go:75.17,79.4 3 0
